{"message":"Hello","level":"info"}
{"message":"\u001b[0mGET /auth/login \u001b[36m304\u001b[0m 0.669 ms - -\u001b[0m\n","level":"info"}

{"message":"Hello","level":"info"}
{"message":"::1 - - [24/Apr/2021:19:14:54 +0000] \"GET /auth/login HTTP/1.1\" 304 - \"-\" \"Mozilla/5.0 (Macintosh; Intel Mac OS X 10_15_7) AppleWebKit/537.36 (KHTML, like Gecko) Chrome/90.0.4430.85 Safari/537.36\"\n","level":"info"}
{"message":"Hello","level":"info"}
{"message":"::1 - - [25/Apr/2021:11:13:55 +0000] \"GET /auth/login HTTP/1.1\" 304 - \"-\" \"Mozilla/5.0 (Macintosh; Intel Mac OS X 10_15_7) AppleWebKit/537.36 (KHTML, like Gecko) Chrome/90.0.4430.85 Safari/537.36\"\n","level":"info"}
{"message":"Hello","level":"info"}
{"message":"::1 - - [25/Apr/2021:11:14:02 +0000] \"GET /auth/login HTTP/1.1\" 304 - \"-\" \"Mozilla/5.0 (Macintosh; Intel Mac OS X 10_15_7) AppleWebKit/537.36 (KHTML, like Gecko) Chrome/90.0.4430.85 Safari/537.36\"\n","level":"info"}
{"message":"Hello","level":"info"}
{"message":"::1 - - [25/Apr/2021:11:30:36 +0000] \"GET /auth/login HTTP/1.1\" 304 - \"-\" \"Mozilla/5.0 (Macintosh; Intel Mac OS X 10_15_7) AppleWebKit/537.36 (KHTML, like Gecko) Chrome/90.0.4430.85 Safari/537.36\"\n","level":"info"}
{"message":"::1 - - [25/Apr/2021:11:30:44 +0000] \"GET /movies HTTP/1.1\" 404 145 \"-\" \"Mozilla/5.0 (Macintosh; Intel Mac OS X 10_15_7) AppleWebKit/537.36 (KHTML, like Gecko) Chrome/90.0.4430.85 Safari/537.36\"\n","level":"info"}
{"message":"::1 - - [25/Apr/2021:11:31:33 +0000] \"GET /movies HTTP/1.1\" 404 145 \"-\" \"PostmanRuntime/7.26.10\"\n","level":"info"}
{"message":"::1 - - [25/Apr/2021:11:32:18 +0000] \"GET /movies/1 HTTP/1.1\" 200 15 \"-\" \"PostmanRuntime/7.26.10\"\n","level":"info"}
{"message":"::1 - - [25/Apr/2021:11:32:27 +0000] \"GET /movies/1 HTTP/1.1\" 200 15 \"-\" \"Mozilla/5.0 (Macintosh; Intel Mac OS X 10_15_7) AppleWebKit/537.36 (KHTML, like Gecko) Chrome/90.0.4430.85 Safari/537.36\"\n","level":"info"}
{"message":"::1 - - [25/Apr/2021:11:43:10 +0000] \"GET /movies/1 HTTP/1.1\" 200 2 \"-\" \"PostmanRuntime/7.26.10\"\n","level":"info"}
{"message":"::1 - - [25/Apr/2021:11:43:40 +0000] \"GET /movies/1 HTTP/1.1\" 200 2 \"-\" \"PostmanRuntime/7.26.10\"\n","level":"info"}
{"message":"::1 - - [25/Apr/2021:11:44:19 +0000] \"GET /movies/1 HTTP/1.1\" 500 1535 \"-\" \"PostmanRuntime/7.26.10\"\n","level":"info"}
{"message":"::1 - - [25/Apr/2021:11:44:26 +0000] \"GET /movies/1 HTTP/1.1\" 500 1535 \"-\" \"PostmanRuntime/7.26.10\"\n","level":"info"}
{"message":"::1 - - [25/Apr/2021:11:44:44 +0000] \"GET /movies/1 HTTP/1.1\" 200 2 \"-\" \"PostmanRuntime/7.26.10\"\n","level":"info"}
{"message":"::1 - - [25/Apr/2021:11:45:44 +0000] \"GET /movies/1 HTTP/1.1\" 200 12474 \"-\" \"PostmanRuntime/7.26.10\"\n","level":"info"}
{"message":"::1 - - [25/Apr/2021:11:45:57 +0000] \"GET /movies/2 HTTP/1.1\" 200 13664 \"-\" \"PostmanRuntime/7.26.10\"\n","level":"info"}
{"message":"::1 - - [25/Apr/2021:11:59:17 +0000] \"GET /movies/573a1390f29313caabcd5501 HTTP/1.1\" 200 16609 \"-\" \"PostmanRuntime/7.26.10\"\n","level":"info"}
{"message":"::1 - - [25/Apr/2021:12:01:08 +0000] \"GET /movies/123 HTTP/1.1\" 200 16236 \"-\" \"PostmanRuntime/7.26.10\"\n","level":"info"}
{"message":"::1 - - [25/Apr/2021:12:01:21 +0000] \"GET /movies/1234 HTTP/1.1\" 200 19178 \"-\" \"PostmanRuntime/7.26.10\"\n","level":"info"}
{"message":"::1 - - [25/Apr/2021:12:01:36 +0000] \"GET /movie/1234 HTTP/1.1\" 500 1598 \"-\" \"PostmanRuntime/7.26.10\"\n","level":"info"}
{"message":"::1 - - [25/Apr/2021:12:02:15 +0000] \"GET /movie/573a1390f29313caabcd5501 HTTP/1.1\" - - \"-\" \"PostmanRuntime/7.26.10\"\n","level":"info"}
{"message":"::1 - - [25/Apr/2021:12:02:16 +0000] \"GET /movies HTTP/1.1\" 404 145 \"-\" \"PostmanRuntime/7.26.10\"\n","level":"info"}
{"message":"::1 - - [25/Apr/2021:12:02:22 +0000] \"GET /movies/6 HTTP/1.1\" 200 16533 \"-\" \"PostmanRuntime/7.26.10\"\n","level":"info"}
{"message":"::1 - - [25/Apr/2021:12:03:25 +0000] \"GET /movie/573a1391f29313caabcd7d02 HTTP/1.1\" 200 1818 \"-\" \"PostmanRuntime/7.26.10\"\n","level":"info"}
{"name":"MongoNetworkError","level":"error"}
{"message":"::1 - - [25/Apr/2021:17:28:31 +0000] \"GET /movie/573a1391f29313caabcd7d02 HTTP/1.1\" 200 1818 \"-\" \"PostmanRuntime/7.26.10\"\n","level":"info"}
{"message":"::1 - - [25/Apr/2021:17:28:35 +0000] \"GET /movie/573a1391f29313caabcd7d0 HTTP/1.1\" 400 11 \"-\" \"PostmanRuntime/7.26.10\"\n","level":"info"}
{"message":"Bad Request","level":"error"}
{"message":"::1 - - [25/Apr/2021:17:30:52 +0000] \"GET /movies/d HTTP/1.1\" 400 25 \"-\" \"PostmanRuntime/7.26.10\"\n","level":"info"}
{"message":"::1 - - [25/Apr/2021:17:53:06 +0000] \"GET /movies/1 HTTP/1.1\" 200 12474 \"-\" \"Mozilla/5.0 (Macintosh; Intel Mac OS X 10_15_7) AppleWebKit/537.36 (KHTML, like Gecko) Chrome/90.0.4430.85 Safari/537.36\"\n","level":"info"}
{"message":"Not Found","level":"error"}
{"message":"::1 - - [26/Apr/2021:10:10:25 +0000] \"POST / HTTP/1.1\" 404 23 \"-\" \"PostmanRuntime/7.26.10\"\n","level":"info"}
{"message":"Not Found","level":"error"}
{"message":"::1 - - [26/Apr/2021:10:10:50 +0000] \"POST / HTTP/1.1\" 404 23 \"-\" \"PostmanRuntime/7.26.10\"\n","level":"info"}
{"message":"Not Found","level":"error"}
{"message":"::1 - - [26/Apr/2021:10:10:55 +0000] \"POST /dignup HTTP/1.1\" 404 23 \"-\" \"PostmanRuntime/7.26.10\"\n","level":"info"}
{"message":"Not Found","level":"error"}
{"message":"::1 - - [26/Apr/2021:10:16:03 +0000] \"POST /dignup HTTP/1.1\" 404 23 \"-\" \"PostmanRuntime/7.26.10\"\n","level":"info"}
{"message":"Hello","level":"info"}
{"message":"::1 - - [26/Apr/2021:10:53:35 +0000] \"POST /auth/signup HTTP/1.1\" 200 22 \"-\" \"PostmanRuntime/7.26.10\"\n","level":"info"}
{"message":"::1 - - [26/Apr/2021:10:56:46 +0000] \"POST /auth/signup HTTP/1.1\" - - \"-\" \"PostmanRuntime/7.26.10\"\n","level":"info"}
{"message":"Cannot read property 'validate' of undefined","level":"error"}
{"message":"::1 - - [26/Apr/2021:11:03:32 +0000] \"POST /auth/signup HTTP/1.1\" 500 1252 \"-\" \"PostmanRuntime/7.26.10\"\n","level":"info"}
{"message":"Cannot read property 'validate' of undefined","level":"error"}
{"message":"::1 - - [26/Apr/2021:11:03:59 +0000] \"POST /auth/signup HTTP/1.1\" 500 1252 \"-\" \"PostmanRuntime/7.26.10\"\n","level":"info"}
{"message":"Unexpected token } in JSON at position 66","level":"error"}
{"message":"::1 - - [26/Apr/2021:11:04:25 +0000] \"POST /auth/signup HTTP/1.1\" 400 55 \"-\" \"PostmanRuntime/7.26.10\"\n","level":"info"}
{"message":"Cannot read property 'validate' of undefined","level":"error"}
{"message":"::1 - - [26/Apr/2021:11:04:31 +0000] \"POST /auth/signup HTTP/1.1\" 500 1252 \"-\" \"PostmanRuntime/7.26.10\"\n","level":"info"}
{"message":"Cannot read property 'validate' of undefined","level":"error"}
{"message":"::1 - - [26/Apr/2021:11:05:36 +0000] \"POST /auth/signup HTTP/1.1\" 500 1252 \"-\" \"PostmanRuntime/7.26.10\"\n","level":"info"}
{"message":"Cannot read property 'validate' of undefined","level":"error"}
{"message":"::1 - - [26/Apr/2021:11:08:36 +0000] \"POST /auth/signup HTTP/1.1\" 500 1252 \"-\" \"PostmanRuntime/7.26.10\"\n","level":"info"}
{"message":"Cannot read property 'validate' of undefined","level":"error"}
{"message":"::1 - - [26/Apr/2021:11:50:21 +0000] \"POST /auth/signup HTTP/1.1\" 500 1252 \"-\" \"PostmanRuntime/7.26.10\"\n","level":"info"}
{"message":"Cannot read property 'validate' of undefined","level":"error"}
{"message":"::1 - - [26/Apr/2021:11:57:05 +0000] \"POST /auth/signup HTTP/1.1\" 500 1252 \"-\" \"PostmanRuntime/7.26.10\"\n","level":"info"}
{"message":"Cannot read property 'validate' of undefined","level":"error"}
{"message":"::1 - - [26/Apr/2021:11:57:16 +0000] \"POST /auth/signup HTTP/1.1\" 500 1252 \"-\" \"PostmanRuntime/7.26.10\"\n","level":"info"}
{"message":"Cannot read property 'validate' of undefined","level":"error"}
{"message":"::1 - - [26/Apr/2021:11:57:31 +0000] \"POST /auth/signup HTTP/1.1\" 500 1252 \"-\" \"PostmanRuntime/7.26.10\"\n","level":"info"}
{"message":"Cannot read property 'validate' of undefined","level":"error"}
{"message":"::1 - - [26/Apr/2021:11:58:02 +0000] \"POST /auth/signup HTTP/1.1\" 500 1252 \"-\" \"PostmanRuntime/7.26.10\"\n","level":"info"}
{"message":"Cannot read property 'validate' of undefined","level":"error"}
{"message":"::1 - - [26/Apr/2021:11:58:18 +0000] \"POST /auth/signup HTTP/1.1\" 500 1252 \"-\" \"PostmanRuntime/7.26.10\"\n","level":"info"}
{"message":"Cannot read property 'validate' of undefined","level":"error"}
{"message":"::1 - - [26/Apr/2021:11:58:19 +0000] \"POST /auth/signup HTTP/1.1\" 500 1252 \"-\" \"PostmanRuntime/7.26.10\"\n","level":"info"}
{"message":"Cannot read property 'validate' of undefined","level":"error"}
{"message":"::1 - - [26/Apr/2021:11:58:20 +0000] \"POST /auth/signup HTTP/1.1\" 500 1252 \"-\" \"PostmanRuntime/7.26.10\"\n","level":"info"}
{"message":"Cannot read property 'validate' of undefined","level":"error"}
{"message":"::1 - - [26/Apr/2021:12:01:18 +0000] \"POST /auth/signup HTTP/1.1\" 500 1252 \"-\" \"PostmanRuntime/7.26.10\"\n","level":"info"}
{"message":"Cannot read property 'validate' of undefined","level":"error"}
{"message":"::1 - - [26/Apr/2021:16:48:17 +0000] \"POST /auth/signup HTTP/1.1\" 500 1252 \"-\" \"PostmanRuntime/7.26.10\"\n","level":"info"}
{"message":"Cannot read property 'validate' of undefined","level":"error"}
{"message":"::1 - - [26/Apr/2021:16:50:27 +0000] \"POST /auth/signup HTTP/1.1\" 500 1253 \"-\" \"PostmanRuntime/7.26.10\"\n","level":"info"}
{"message":"Cannot read property 'validate' of undefined","level":"error"}
{"message":"::1 - - [26/Apr/2021:16:52:42 +0000] \"POST /auth/signup HTTP/1.1\" 500 1253 \"-\" \"PostmanRuntime/7.26.10\"\n","level":"info"}
{"message":"Cannot read property 'validate' of undefined","level":"error"}
{"message":"::1 - - [26/Apr/2021:16:52:58 +0000] \"POST /auth/signup HTTP/1.1\" 500 1253 \"-\" \"PostmanRuntime/7.26.10\"\n","level":"info"}
{"message":"Cannot read property 'validate' of undefined","level":"error"}
{"message":"::1 - - [26/Apr/2021:16:54:17 +0000] \"POST /auth/signup HTTP/1.1\" 500 1253 \"-\" \"PostmanRuntime/7.26.10\"\n","level":"info"}
{"message":"Cannot read property 'validate' of undefined","level":"error"}
{"message":"::1 - - [26/Apr/2021:16:58:45 +0000] \"POST /auth/signup HTTP/1.1\" 500 1253 \"-\" \"PostmanRuntime/7.26.10\"\n","level":"info"}
{"message":"Cannot read property 'validate' of undefined","level":"error"}
{"message":"::1 - - [26/Apr/2021:17:03:17 +0000] \"POST /auth/signup HTTP/1.1\" 500 1253 \"-\" \"PostmanRuntime/7.26.10\"\n","level":"info"}
{"message":"Cannot read property 'validate' of undefined","level":"error"}
{"message":"::1 - - [26/Apr/2021:17:12:51 +0000] \"POST /auth/signup HTTP/1.1\" 500 1253 \"-\" \"PostmanRuntime/7.26.10\"\n","level":"info"}
{"message":"Cannot read property 'validate' of undefined","level":"error"}
{"message":"::1 - - [26/Apr/2021:17:13:05 +0000] \"POST /auth/signup HTTP/1.1\" 500 1253 \"-\" \"PostmanRuntime/7.26.10\"\n","level":"info"}
{"message":"Cannot read property 'validate' of undefined","level":"error"}
{"message":"::1 - - [26/Apr/2021:17:13:07 +0000] \"POST /auth/signup HTTP/1.1\" 500 1253 \"-\" \"PostmanRuntime/7.26.10\"\n","level":"info"}
{"message":"Cannot read property 'validate' of undefined","level":"error"}
{"message":"::1 - - [26/Apr/2021:17:13:08 +0000] \"POST /auth/signup HTTP/1.1\" 500 1253 \"-\" \"PostmanRuntime/7.26.10\"\n","level":"info"}
{"message":"Cannot read property 'validate' of undefined","level":"error"}
{"message":"::1 - - [26/Apr/2021:17:13:08 +0000] \"POST /auth/signup HTTP/1.1\" 500 1253 \"-\" \"PostmanRuntime/7.26.10\"\n","level":"info"}
{"message":"Cannot read property 'validate' of undefined","level":"error"}
{"message":"::1 - - [26/Apr/2021:17:13:09 +0000] \"POST /auth/signup HTTP/1.1\" 500 1253 \"-\" \"PostmanRuntime/7.26.10\"\n","level":"info"}
{"message":"Cannot read property 'validate' of undefined","level":"error"}
{"message":"::1 - - [26/Apr/2021:17:13:09 +0000] \"POST /auth/signup HTTP/1.1\" 500 1253 \"-\" \"PostmanRuntime/7.26.10\"\n","level":"info"}
{"message":"Cannot read property 'validate' of undefined","level":"error"}
{"message":"::1 - - [26/Apr/2021:17:19:04 +0000] \"POST /auth/signup HTTP/1.1\" 500 1253 \"-\" \"PostmanRuntime/7.26.10\"\n","level":"info"}
{"message":"Cannot read property 'validate' of undefined","level":"error"}
{"message":"::1 - - [26/Apr/2021:17:24:27 +0000] \"POST /auth/signup HTTP/1.1\" 500 1253 \"-\" \"PostmanRuntime/7.26.10\"\n","level":"info"}
{"message":"Cannot read property 'validate' of undefined","level":"error"}
{"message":"::1 - - [26/Apr/2021:17:24:28 +0000] \"POST /auth/signup HTTP/1.1\" 500 1253 \"-\" \"PostmanRuntime/7.26.10\"\n","level":"info"}
{"message":"Cannot read property 'validate' of undefined","level":"error"}
{"message":"::1 - - [26/Apr/2021:17:27:46 +0000] \"POST /auth/signup HTTP/1.1\" 500 58 \"-\" \"PostmanRuntime/7.26.10\"\n","level":"info"}
{"message":"userValidator.validate is not a function","level":"error"}
{"message":"::1 - - [26/Apr/2021:17:36:20 +0000] \"POST /auth/signup HTTP/1.1\" 500 54 \"-\" \"PostmanRuntime/7.26.10\"\n","level":"info"}
{"message":"userValidator.validate is not a function","level":"error"}
{"message":"::1 - - [26/Apr/2021:17:38:40 +0000] \"POST /auth/signup HTTP/1.1\" 500 54 \"-\" \"PostmanRuntime/7.26.10\"\n","level":"info"}
{"message":"userValidator.validate is not a function","level":"error"}
{"message":"::1 - - [26/Apr/2021:17:38:41 +0000] \"POST /auth/signup HTTP/1.1\" 500 54 \"-\" \"PostmanRuntime/7.26.10\"\n","level":"info"}
{"message":"userValidator.validate is not a function","level":"error"}
{"message":"::1 - - [26/Apr/2021:17:38:42 +0000] \"POST /auth/signup HTTP/1.1\" 500 54 \"-\" \"PostmanRuntime/7.26.10\"\n","level":"info"}
{"message":"userValidator.validate is not a function","level":"error"}
{"message":"::1 - - [26/Apr/2021:17:44:12 +0000] \"POST /auth/signup HTTP/1.1\" 500 54 \"-\" \"PostmanRuntime/7.26.10\"\n","level":"info"}
{"message":"\"username\" length must be less than or equal to 10 characters long","level":"error"}
{"message":"::1 - - [26/Apr/2021:17:45:42 +0000] \"POST /auth/signup HTTP/1.1\" 400 82 \"-\" \"PostmanRuntime/7.26.10\"\n","level":"info"}
{"message":"::1 - - [26/Apr/2021:17:46:06 +0000] \"POST /auth/signup HTTP/1.1\" 201 48 \"-\" \"PostmanRuntime/7.26.10\"\n","level":"info"}
{"message":"This user is already in use","level":"error"}
{"message":"::1 - - [26/Apr/2021:17:47:52 +0000] \"POST /auth/signup HTTP/1.1\" 409 41 \"-\" \"PostmanRuntime/7.26.10\"\n","level":"info"}
{"message":"\"username\" must only contain alpha-numeric characters","level":"error"}
{"message":"::1 - - [26/Apr/2021:17:48:10 +0000] \"POST /auth/signup HTTP/1.1\" 400 69 \"-\" \"PostmanRuntime/7.26.10\"\n","level":"info"}
{"message":"This email is already in use","level":"error"}
{"message":"::1 - - [26/Apr/2021:17:48:16 +0000] \"POST /auth/signup HTTP/1.1\" 409 42 \"-\" \"PostmanRuntime/7.26.10\"\n","level":"info"}
{"message":"This user is already in use","level":"error"}
{"message":"::1 - - [26/Apr/2021:17:48:21 +0000] \"POST /auth/signup HTTP/1.1\" 409 41 \"-\" \"PostmanRuntime/7.26.10\"\n","level":"info"}
{"message":"Please enter valid username and password","level":"error"}
{"message":"::1 - - [26/Apr/2021:18:38:56 +0000] \"POST /auth/login HTTP/1.1\" 400 54 \"-\" \"PostmanRuntime/7.26.10\"\n","level":"info"}
{"message":"Please enter valid username and password","level":"error"}
{"message":"::1 - - [26/Apr/2021:18:40:39 +0000] \"POST /auth/login HTTP/1.1\" 400 54 \"-\" \"PostmanRuntime/7.26.10\"\n","level":"info"}
{"message":"Unexpected end of JSON input","level":"error"}
{"message":"::1 - - [26/Apr/2021:18:40:48 +0000] \"POST /auth/login HTTP/1.1\" 400 42 \"-\" \"PostmanRuntime/7.26.10\"\n","level":"info"}
{"message":"Unexpected end of JSON input","level":"error"}
{"message":"::1 - - [26/Apr/2021:18:40:55 +0000] \"POST /auth/login HTTP/1.1\" 400 42 \"-\" \"PostmanRuntime/7.26.10\"\n","level":"info"}
{"message":"\"password\" is required","level":"error"}
{"message":"::1 - - [26/Apr/2021:18:41:01 +0000] \"POST /auth/login HTTP/1.1\" 400 38 \"-\" \"PostmanRuntime/7.26.10\"\n","level":"info"}
{"message":"Please enter valid username and password","level":"error"}
{"message":"::1 - - [26/Apr/2021:18:41:17 +0000] \"POST /auth/login HTTP/1.1\" 400 54 \"-\" \"PostmanRuntime/7.26.10\"\n","level":"info"}
{"message":"::1 - - [26/Apr/2021:18:41:25 +0000] \"POST /auth/login HTTP/1.1\" 200 135 \"-\" \"PostmanRuntime/7.26.10\"\n","level":"info"}
{"message":"::1 - - [26/Apr/2021:18:59:16 +0000] \"POST /auth/login HTTP/1.1\" 200 187 \"-\" \"PostmanRuntime/7.26.10\"\n","level":"info"}
{"message":"::1 - - [26/Apr/2021:19:00:06 +0000] \"POST /auth/login HTTP/1.1\" 200 197 \"-\" \"PostmanRuntime/7.26.10\"\n","level":"info"}
{"message":"::1 - - [26/Apr/2021:19:07:10 +0000] \"POST /auth/login HTTP/1.1\" 200 197 \"-\" \"PostmanRuntime/7.26.10\"\n","level":"info"}
{"message":"::1 - - [26/Apr/2021:19:07:40 +0000] \"POST /auth/login HTTP/1.1\" 200 197 \"-\" \"PostmanRuntime/7.26.10\"\n","level":"info"}
{"message":"::1 - - [26/Apr/2021:19:08:20 +0000] \"POST /auth/login HTTP/1.1\" 200 197 \"-\" \"PostmanRuntime/7.26.10\"\n","level":"info"}
{"message":"Not Found","level":"error"}
{"message":"::1 - - [26/Apr/2021:19:30:21 +0000] \"POST /movies/4 HTTP/1.1\" 404 23 \"-\" \"PostmanRuntime/7.26.10\"\n","level":"info"}
{"message":"Not Found","level":"error"}
{"message":"::1 - - [26/Apr/2021:19:30:29 +0000] \"POST /movies/4 HTTP/1.1\" 404 23 \"-\" \"PostmanRuntime/7.26.10\"\n","level":"info"}
{"message":"Not Found","level":"error"}
{"message":"::1 - - [26/Apr/2021:19:30:36 +0000] \"POST /movies/4 HTTP/1.1\" 404 23 \"-\" \"PostmanRuntime/7.26.10\"\n","level":"info"}
{"message":"Unauthorized","level":"error"}
{"message":"::1 - - [26/Apr/2021:19:30:54 +0000] \"GET /movies/4 HTTP/1.1\" 401 26 \"-\" \"PostmanRuntime/7.26.10\"\n","level":"info"}
{"message":"\"email\" is required","level":"error"}
{"message":"::1 - - [26/Apr/2021:19:32:01 +0000] \"POST /auth/signup HTTP/1.1\" 400 35 \"-\" \"PostmanRuntime/7.26.10\"\n","level":"info"}
{"message":"\"email\" is required","level":"error"}
{"message":"::1 - - [26/Apr/2021:19:32:11 +0000] \"POST /auth/signup HTTP/1.1\" 400 35 \"-\" \"PostmanRuntime/7.26.10\"\n","level":"info"}
{"message":"::1 - - [26/Apr/2021:19:32:23 +0000] \"POST /auth/login HTTP/1.1\" 200 197 \"-\" \"PostmanRuntime/7.26.10\"\n","level":"info"}
{"message":"Not Found","level":"error"}
{"message":"::1 - - [26/Apr/2021:19:32:35 +0000] \"POST /movies/2 HTTP/1.1\" 404 23 \"-\" \"PostmanRuntime/7.26.10\"\n","level":"info"}
{"message":"Unauthorized","level":"error"}
{"message":"::1 - - [26/Apr/2021:19:32:38 +0000] \"GET /movies/2 HTTP/1.1\" 401 26 \"-\" \"PostmanRuntime/7.26.10\"\n","level":"info"}
{"message":"Unauthorized","level":"error"}
{"message":"::1 - - [26/Apr/2021:19:32:46 +0000] \"GET /movies/2 HTTP/1.1\" 401 26 \"-\" \"PostmanRuntime/7.26.10\"\n","level":"info"}
{"message":"Unauthorized","level":"error"}
{"message":"::1 - - [26/Apr/2021:19:33:28 +0000] \"GET /movies/2 HTTP/1.1\" 401 26 \"-\" \"PostmanRuntime/7.26.10\"\n","level":"info"}
{"message":"Unauthorized","level":"error"}
{"message":"::1 - - [26/Apr/2021:19:33:51 +0000] \"GET /movies/4 HTTP/1.1\" 401 26 \"-\" \"PostmanRuntime/7.26.10\"\n","level":"info"}
{"message":"Unauthorized","level":"error"}
{"message":"::1 - - [26/Apr/2021:19:34:20 +0000] \"GET /movies/4 HTTP/1.1\" 401 26 \"-\" \"PostmanRuntime/7.26.10\"\n","level":"info"}
{"message":"Unauthorized","level":"error"}
{"message":"::1 - - [27/Apr/2021:05:08:37 +0000] \"GET /movies/4 HTTP/1.1\" 401 26 \"-\" \"PostmanRuntime/7.26.10\"\n","level":"info"}
{"message":"::1 - - [27/Apr/2021:05:09:13 +0000] \"POST /auth/login HTTP/1.1\" 200 197 \"-\" \"PostmanRuntime/7.26.10\"\n","level":"info"}
{"message":"Unauthorized","level":"error"}
{"message":"::1 - - [27/Apr/2021:05:09:32 +0000] \"GET /movies/123 HTTP/1.1\" 401 26 \"-\" \"PostmanRuntime/7.26.10\"\n","level":"info"}
{"message":"Unauthorized","level":"error"}
{"message":"::1 - - [27/Apr/2021:05:09:44 +0000] \"GET /movies/123 HTTP/1.1\" 401 26 \"-\" \"PostmanRuntime/7.26.10\"\n","level":"info"}
{"message":"Unauthorized","level":"error"}
{"message":"::1 - - [27/Apr/2021:05:10:59 +0000] \"GET /movies/123 HTTP/1.1\" 401 26 \"-\" \"PostmanRuntime/7.26.10\"\n","level":"info"}
{"message":"Unauthorized","level":"error"}
{"message":"::1 - - [27/Apr/2021:05:23:02 +0000] \"GET /movies/123 HTTP/1.1\" 401 26 \"-\" \"PostmanRuntime/7.26.10\"\n","level":"info"}
